Command line:
   My2To4Decoder_isim_par.exe
     -simmode  gui
     -sdfmax  /My2To4Decoder/=netgen/par/My2To4Decoder_timesim.sdf
     -sdfroot  /
     -simrunnum  0
     -socket  49161

Tue Mar 21 13:30:59 2023


 Elaboration Time: 0.140625 sec

 Current Memory Usage: 667.169 Meg

 Total Signals          : 202
 Total Nets             : 121
 Total Signal Drivers   : 98
 Total Blocks           : 67
 Total Primitive Blocks : 39
 Total Processes        : 98
 Total Traceable Variables  : 333
 Total Scalar Nets and Variables : 5400
Total Line Count : 372

 Total Simulation Time: 0.328125 sec

 Current Memory Usage: 667.169 Meg

Tue Mar 21 13:34:18 2023

