#:C19    
#Xilinx FPGA Editor Command Log File
#Editor Version:
#:V   NT M2.1 P.20131013
#Current Working Directory:
#:D   C:\Users\Sania\Desktop\New folder
#Date/Time:
#:T   Tue Mar 14 12:36:07 2023
#------------------------------
	#Reading My2To4Decoder_map.ncd...
	#Loading device for application Rf_Device from file '3s50a.nph' in environment C:\Xilinx\14.7\ISE_DS\ISE\.
	#   "My2To4Decoder" is an NCD, version 3.2, device xc3s50a, package tq144, speed -5
	#Design creation date: 2023.03.14.10.26.08
	#Building chip graphics...
	#Loading speed info...
	#1
setattr main edit-mode no-logic-changes
	#2
unselect -all
	#3
setattr main disable_draw on
	#4
setattr layer sites view off
	#5
setattr main disable_draw off
	#Hint: change the visibility of more than one layer at a time by clicking on the apply button, clicking two or more layer buttons, and then clicking on the apply button again.
	#6
setattr main disable_draw on
	#7
setattr layer sites view on
	#8
setattr main disable_draw off
	#9
setattr main disable_draw on
	#10
setattr layer components view off
	#11
setattr main disable_draw off
	#12
setattr main disable_draw on
	#13
setattr layer components view on
	#14
setattr main disable_draw off
	#15
setattr main disable_draw on
	#16
setattr layer components view off
	#17
setattr main disable_draw off
	#18
setattr main disable_draw on
	#19
setattr layer routes view on
	#20
setattr main disable_draw off
	#21
setattr main disable_draw on
	#22
setattr layer routes view off
	#23
setattr main disable_draw off
