Command line:
   My2To4Decoder_isim_beh.exe
     -simmode  gui
     -simrunnum  0
     -socket  49161

Mon Mar 27 22:34:09 2023


 Elaboration Time: 0.15625 sec

 Current Memory Usage: 666.943 Meg

 Total Signals          : 63
 Total Nets             : 35
 Total Signal Drivers   : 7
 Total Blocks           : 11
 Total Primitive Blocks : 10
 Total Processes        : 7
 Total Traceable Variables  : 13
 Total Scalar Nets and Variables : 518
Total Line Count : 7
Total Line Count : 7

 Total Simulation Time: 0.25 sec

 Current Memory Usage: 666.943 Meg

Mon Mar 27 22:41:49 2023

