Running: C:\Xilinx\14.7\ISE_DS\ISE\bin\nt64\unwrapped\fuse.exe -intstyle ise -incremental -o C:/Users/Sania/Desktop/New folder/My2To4Decoder_isim_beh.exe -prj C:/Users/Sania/Desktop/New folder/My2To4Decoder_beh.prj work.My2To4Decoder 
ISim P.20131013 (signature 0x7708f090)
Number of CPUs detected in this system: 2
Turning on mult-threading, number of parallel sub-compilation jobs: 4 
Determining compilation order of HDL files
Parsing VHDL file "C:/Users/Sania/Desktop/New folder/My2To4Decoder.vhf" into library work
Starting static elaboration
Completed static elaboration
Compiling package standard
Compiling package std_logic_1164
Compiling package numeric_std
Compiling package vcomponents
Compiling architecture and3b1_v of entity AND3B1 [and3b1_default]
Compiling architecture and3b3_v of entity AND3B3 [and3b3_default]
Compiling architecture and3b2_v of entity AND3B2 [and3b2_default]
Compiling architecture behavioral of entity my2to4decoder
Time Resolution for simulation is 1ps.
Waiting for 4 sub-compilation(s) to finish...
Compiled 11 VHDL Units
Built simulation executable C:/Users/Sania/Desktop/New folder/My2To4Decoder_isim_beh.exe
Fuse Memory Usage: 45916 KB
Fuse CPU Usage: 1390 ms
